{"name": "Field Validation for Signup Page", "status": "failed", "statusDetails": {"message": "AssertionError: The firstname Error message is not getting matched\nassert '' == \"What's your name?\"\n  \n  \u001b[0m\u001b[91m- What's your name?\u001b[39;49;00m\u001b[90m\u001b[39;49;00m", "trace": "fixturefunc = <function enter_user_details at 0x0000016A9D0A5D00>\nrequest = <FixtureRequest for <Function test_field_validation_for_signup_page>>\nkwargs = {'datatable': [['abcdXYz', 'usisksls'], ['123344333', '8893893983']], 'signup': <pages.signup_page.SignupPage object at 0x0000016A9D0C0620>}\n\n    def call_fixture_func(\n        fixturefunc: _FixtureFunc[FixtureValue], request: FixtureRequest, kwargs\n    ) -> FixtureValue:\n        if inspect.isgeneratorfunction(fixturefunc):\n            fixturefunc = cast(Callable[..., Generator[FixtureValue]], fixturefunc)\n            generator = fixturefunc(**kwargs)\n            try:\n                fixture_result = next(generator)\n            except StopIteration:\n                raise ValueError(f\"{request.fixturename} did not yield a value\") from None\n            finalizer = functools.partial(_teardown_yield_fixture, fixturefunc, generator)\n            request.addfinalizer(finalizer)\n        else:\n            fixturefunc = cast(Callable[..., FixtureValue], fixturefunc)\n>           fixture_result = fixturefunc(**kwargs)\n                             ^^^^^^^^^^^^^^^^^^^^^\n\n..\\..\\AppData\\Local\\Programs\\Python\\Python312\\Lib\\site-packages\\_pytest\\fixtures.py:930: \n_ _ _ _ _ _ _ _ _ _ _ _ _ _ _ _ _ _ _ _ _ _ _ _ _ _ _ _ _ _ _ _ _ _ _ _ _ _ _ _\n\ndatatable = [['abcdXYz', 'usisksls'], ['123344333', '8893893983']]\nsignup = <pages.signup_page.SignupPage object at 0x0000016A9D0C0620>\n\n    @when(parsers.cfparse(\"user enters details\"))\n    def enter_user_details(datatable, signup):\n        #data = {row[\"field\"]: row[\"value\"] for row in datatable}\n        print(datatable)\n        for data in datatable:\n            signup.enter_firstname(data[0])\n            firestname_error = signup.get_first_name_error_message()\n>           assert firestname_error ==\"What's your name?\", \"The firstname Error message is not getting matched\"\nE           AssertionError: The firstname Error message is not getting matched\nE           assert '' == \"What's your name?\"\nE             \nE             \u001b[0m\u001b[91m- What's your name?\u001b[39;49;00m\u001b[90m\u001b[39;49;00m\n\nsteps\\test_signup_steps.py:29: AssertionError"}, "steps": [{"name": "Given user is on the login page", "status": "passed", "parameters": [{"name": "driver", "value": "<selenium.webdriver.chrome.webdriver.WebDriver (session=\"513f3e70d1aa94a578000702a0fcbadc\")>"}], "start": 1768715218447, "stop": 1768715223620}, {"name": "When navigated to the signup page", "status": "passed", "parameters": [{"name": "launch_app", "value": "<pages.login_page.LoginPage object at 0x0000016A9CE0BFB0>"}], "start": 1768715223624, "stop": 1768715226007}, {"name": "And user enters details", "status": "failed", "statusDetails": {"message": "AssertionError: The firstname Error message is not getting matched\nassert '' == \"What's your name?\"\n  \n  \u001b[0m\u001b[91m- What's your name?\u001b[39;49;00m\u001b[90m\u001b[39;49;00m\n", "trace": "  File \"C:\\Users\\sivan\\AppData\\Local\\Programs\\Python\\Python312\\Lib\\site-packages\\pytest_bdd\\scenario.py\", line 240, in _execute_step_function\n    return_value = call_fixture_func(fixturefunc=context.step_func, request=request, kwargs=kwargs)\n                   ^^^^^^^^^^^^^^^^^^^^^^^^^^^^^^^^^^^^^^^^^^^^^^^^^^^^^^^^^^^^^^^^^^^^^^^^^^^^^^^^\n  File \"C:\\Users\\sivan\\AppData\\Local\\Programs\\Python\\Python312\\Lib\\site-packages\\_pytest\\fixtures.py\", line 930, in call_fixture_func\n    fixture_result = fixturefunc(**kwargs)\n                     ^^^^^^^^^^^^^^^^^^^^^\n  File \"C:\\Users\\sivan\\PycharmProjects\\Facebook_BDD_Automation\\steps\\test_signup_steps.py\", line 29, in enter_user_details\n    assert firestname_error ==\"What's your name?\", \"The firstname Error message is not getting matched\"\n"}, "attachments": [{"name": "Data table", "source": "8c89aec0-000e-4e85-9a15-ebacee9a7c4d-attachment.csv", "type": "text/csv"}], "parameters": [{"name": "signup", "value": "<pages.signup_page.SignupPage object at 0x0000016A9D0C0620>"}], "start": 1768715226008, "stop": 1768715346597}], "attachments": [{"name": "screenshot_on_failure", "source": "56df4953-73d5-4dc9-9321-5a8396e68a24-attachment.png", "type": "image/png"}, {"name": "stdout", "source": "64d98ada-b501-4f85-b3b6-7f8cc5871811-attachment.txt", "type": "text/plain"}], "start": 1768715218447, "stop": 1768715346597, "uuid": "8ddf3f41-fbe8-9cc9-a728-12738e023b6a", "historyId": "1656aafa0b51825ad88e4bc7e1f7b029.d41d8cd98f00b204e9800998ecf8427e", "testCaseId": "1656aafa0b51825ad88e4bc7e1f7b029", "fullName": "features\\signup.feature:Field Validation for Signup Page", "labels": [{"name": "host", "value": "Jarvis"}, {"name": "thread", "value": "2484-MainThread"}, {"name": "framework", "value": "pytest-bdd"}, {"name": "language", "value": "cpython3"}, {"name": "feature", "value": "Signup Functionality"}, {"name": "tag", "value": "signup"}, {"name": "tag", "value": "signup"}], "titlePath": ["features", "Signup Functionality"]}