{"name": "Field Validation for Signup Page", "status": "broken", "statusDetails": {"message": "selenium.common.exceptions.InvalidArgumentException: Message: invalid argument: 'value' must be a string\n  (Session info: chrome=143.0.7499.193)\nStacktrace:\nSymbols not available. Dumping unresolved backtrace:\n\t0x7ff7d5b688d5\n\t0x7ff7d5b68930\n\t0x7ff7d594165d\n\t0x7ff7d59997fc\n\t0x7ff7d5999d3c\n\t0x7ff7d59edf67\n\t0x7ff7d59eac97\n\t0x7ff7d598ac29\n\t0x7ff7d598ba93\n\t0x7ff7d5e80620\n\t0x7ff7d5e7af60\n\t0x7ff7d5e996c6\n\t0x7ff7d5b85dd4\n\t0x7ff7d5b8ed7c\n\t0x7ff7d5b71ff4\n\t0x7ff7d5b721a5\n\t0x7ff7d5b57ed2\n\t0x7ffb97b6e8d7\n\t0x7ffb98a6c53c", "trace": "fixturefunc = <function enter_user_details at 0x0000019D1B001DA0>\nrequest = <FixtureRequest for <Function test_field_validation_for_signup_page>>\nkwargs = {'datatable': [['abcdXYz', 'usisksls'], ['123344333', '8893893983']], 'signup': <pages.signup_page.SignupPage object at 0x0000019D1B014E90>}\n\n    def call_fixture_func(\n        fixturefunc: _FixtureFunc[FixtureValue], request: FixtureRequest, kwargs\n    ) -> FixtureValue:\n        if inspect.isgeneratorfunction(fixturefunc):\n            fixturefunc = cast(Callable[..., Generator[FixtureValue]], fixturefunc)\n            generator = fixturefunc(**kwargs)\n            try:\n                fixture_result = next(generator)\n            except StopIteration:\n                raise ValueError(f\"{request.fixturename} did not yield a value\") from None\n            finalizer = functools.partial(_teardown_yield_fixture, fixturefunc, generator)\n            request.addfinalizer(finalizer)\n        else:\n            fixturefunc = cast(Callable[..., FixtureValue], fixturefunc)\n>           fixture_result = fixturefunc(**kwargs)\n                             ^^^^^^^^^^^^^^^^^^^^^\n\n..\\..\\AppData\\Local\\Programs\\Python\\Python312\\Lib\\site-packages\\_pytest\\fixtures.py:930: \n_ _ _ _ _ _ _ _ _ _ _ _ _ _ _ _ _ _ _ _ _ _ _ _ _ _ _ _ _ _ _ _ _ _ _ _ _ _ _ _\nsteps\\test_signup_steps.py:28: in enter_user_details\n    firestname_error = signup.get_first_name_error_message(\"What's your name?\")\n                       ^^^^^^^^^^^^^^^^^^^^^^^^^^^^^^^^^^^^^^^^^^^^^^^^^^^^^^^^\npages\\signup_page.py:32: in get_first_name_error_message\n    base_utils.find_element(self.driver, (By.XPATH, self.__first_name_error_message_icon)).click()\n    ^^^^^^^^^^^^^^^^^^^^^^^^^^^^^^^^^^^^^^^^^^^^^^^^^^^^^^^^^^^^^^^^^^^^^^^^^^^^^^^^^^^^^^\nutils\\base_utils.py:15: in find_element\n    return driver.find_element(By.XPATH, locator)\n           ^^^^^^^^^^^^^^^^^^^^^^^^^^^^^^^^^^^^^^\n..\\..\\AppData\\Local\\Programs\\Python\\Python312\\Lib\\site-packages\\selenium\\webdriver\\remote\\webdriver.py:741: in find_element\n    return self.execute(Command.FIND_ELEMENT, {\"using\": by, \"value\": value})[\"value\"]\n           ^^^^^^^^^^^^^^^^^^^^^^^^^^^^^^^^^^^^^^^^^^^^^^^^^^^^^^^^^^^^^^^^^\n..\\..\\AppData\\Local\\Programs\\Python\\Python312\\Lib\\site-packages\\selenium\\webdriver\\remote\\webdriver.py:347: in execute\n    self.error_handler.check_response(response)\n_ _ _ _ _ _ _ _ _ _ _ _ _ _ _ _ _ _ _ _ _ _ _ _ _ _ _ _ _ _ _ _ _ _ _ _ _ _ _ _\n\nself = <selenium.webdriver.remote.errorhandler.ErrorHandler object at 0x0000019D1AFDD8E0>\nresponse = {'status': 400, 'value': '{\"value\":{\"error\":\"invalid argument\",\"message\":\"invalid argument: \\'value\\' must be a string...ff7d5b8ed7c\\\\n\\\\t0x7ff7d5b71ff4\\\\n\\\\t0x7ff7d5b721a5\\\\n\\\\t0x7ff7d5b57ed2\\\\n\\\\t0x7ffb97b6e8d7\\\\n\\\\t0x7ffb98a6c53c\\\\n\"}}'}\n\n    def check_response(self, response: Dict[str, Any]) -> None:\n        \"\"\"Checks that a JSON response from the WebDriver does not have an\n        error.\n    \n        :Args:\n         - response - The JSON response from the WebDriver server as a dictionary\n           object.\n    \n        :Raises: If the response contains an error message.\n        \"\"\"\n        status = response.get(\"status\", None)\n        if not status or status == ErrorCode.SUCCESS:\n            return\n        value = None\n        message = response.get(\"message\", \"\")\n        screen: str = response.get(\"screen\", \"\")\n        stacktrace = None\n        if isinstance(status, int):\n            value_json = response.get(\"value\", None)\n            if value_json and isinstance(value_json, str):\n                import json\n    \n                try:\n                    value = json.loads(value_json)\n                    if len(value) == 1:\n                        value = value[\"value\"]\n                    status = value.get(\"error\", None)\n                    if not status:\n                        status = value.get(\"status\", ErrorCode.UNKNOWN_ERROR)\n                        message = value.get(\"value\") or value.get(\"message\")\n                        if not isinstance(message, str):\n                            value = message\n                            message = message.get(\"message\")\n                    else:\n                        message = value.get(\"message\", None)\n                except ValueError:\n                    pass\n    \n        exception_class: Type[WebDriverException]\n        e = ErrorCode()\n        error_codes = [item for item in dir(e) if not item.startswith(\"__\")]\n        for error_code in error_codes:\n            error_info = getattr(ErrorCode, error_code)\n            if isinstance(error_info, list) and status in error_info:\n                exception_class = getattr(ExceptionMapping, error_code, WebDriverException)\n                break\n        else:\n            exception_class = WebDriverException\n    \n        if not value:\n            value = response[\"value\"]\n        if isinstance(value, str):\n            raise exception_class(value)\n        if message == \"\" and \"message\" in value:\n            message = value[\"message\"]\n    \n        screen = None  # type: ignore[assignment]\n        if \"screen\" in value:\n            screen = value[\"screen\"]\n    \n        stacktrace = None\n        st_value = value.get(\"stackTrace\") or value.get(\"stacktrace\")\n        if st_value:\n            if isinstance(st_value, str):\n                stacktrace = st_value.split(\"\\n\")\n            else:\n                stacktrace = []\n                try:\n                    for frame in st_value:\n                        line = frame.get(\"lineNumber\", \"\")\n                        file = frame.get(\"fileName\", \"<anonymous>\")\n                        if line:\n                            file = f\"{file}:{line}\"\n                        meth = frame.get(\"methodName\", \"<anonymous>\")\n                        if \"className\" in frame:\n                            meth = f\"{frame['className']}.{meth}\"\n                        msg = \"    at %s (%s)\"\n                        msg = msg % (meth, file)\n                        stacktrace.append(msg)\n                except TypeError:\n                    pass\n        if exception_class == UnexpectedAlertPresentException:\n            alert_text = None\n            if \"data\" in value:\n                alert_text = value[\"data\"].get(\"text\")\n            elif \"alert\" in value:\n                alert_text = value[\"alert\"].get(\"text\")\n            raise exception_class(message, screen, stacktrace, alert_text)  # type: ignore[call-arg]  # mypy is not smart enough here\n>       raise exception_class(message, screen, stacktrace)\nE       selenium.common.exceptions.InvalidArgumentException: Message: invalid argument: 'value' must be a string\nE         (Session info: chrome=143.0.7499.193)\nE       Stacktrace:\nE       Symbols not available. Dumping unresolved backtrace:\nE       \t0x7ff7d5b688d5\nE       \t0x7ff7d5b68930\nE       \t0x7ff7d594165d\nE       \t0x7ff7d59997fc\nE       \t0x7ff7d5999d3c\nE       \t0x7ff7d59edf67\nE       \t0x7ff7d59eac97\nE       \t0x7ff7d598ac29\nE       \t0x7ff7d598ba93\nE       \t0x7ff7d5e80620\nE       \t0x7ff7d5e7af60\nE       \t0x7ff7d5e996c6\nE       \t0x7ff7d5b85dd4\nE       \t0x7ff7d5b8ed7c\nE       \t0x7ff7d5b71ff4\nE       \t0x7ff7d5b721a5\nE       \t0x7ff7d5b57ed2\nE       \t0x7ffb97b6e8d7\nE       \t0x7ffb98a6c53c\n\n..\\..\\AppData\\Local\\Programs\\Python\\Python312\\Lib\\site-packages\\selenium\\webdriver\\remote\\errorhandler.py:229: InvalidArgumentException"}, "steps": [{"name": "Given user is on the login page", "status": "passed", "parameters": [{"name": "driver", "value": "<selenium.webdriver.chrome.webdriver.WebDriver (session=\"d0dd5686bf6585ca8e949bd274fb6bcf\")>"}], "start": 1768716777792, "stop": 1768716782825}, {"name": "When navigated to the signup page", "status": "passed", "parameters": [{"name": "launch_app", "value": "<pages.login_page.LoginPage object at 0x0000019D1AC74320>"}], "start": 1768716782827, "stop": 1768716784926}, {"name": "And user enters details", "status": "broken", "statusDetails": {"message": "selenium.common.exceptions.InvalidArgumentException: Message: invalid argument: 'value' must be a string\n  (Session info: chrome=143.0.7499.193)\nStacktrace:\nSymbols not available. Dumping unresolved backtrace:\n\t0x7ff7d5b688d5\n\t0x7ff7d5b68930\n\t0x7ff7d594165d\n\t0x7ff7d59997fc\n\t0x7ff7d5999d3c\n\t0x7ff7d59edf67\n\t0x7ff7d59eac97\n\t0x7ff7d598ac29\n\t0x7ff7d598ba93\n\t0x7ff7d5e80620\n\t0x7ff7d5e7af60\n\t0x7ff7d5e996c6\n\t0x7ff7d5b85dd4\n\t0x7ff7d5b8ed7c\n\t0x7ff7d5b71ff4\n\t0x7ff7d5b721a5\n\t0x7ff7d5b57ed2\n\t0x7ffb97b6e8d7\n\t0x7ffb98a6c53c\n\n", "trace": "  File \"C:\\Users\\sivan\\AppData\\Local\\Programs\\Python\\Python312\\Lib\\site-packages\\pytest_bdd\\scenario.py\", line 240, in _execute_step_function\n    return_value = call_fixture_func(fixturefunc=context.step_func, request=request, kwargs=kwargs)\n                   ^^^^^^^^^^^^^^^^^^^^^^^^^^^^^^^^^^^^^^^^^^^^^^^^^^^^^^^^^^^^^^^^^^^^^^^^^^^^^^^^\n  File \"C:\\Users\\sivan\\AppData\\Local\\Programs\\Python\\Python312\\Lib\\site-packages\\_pytest\\fixtures.py\", line 930, in call_fixture_func\n    fixture_result = fixturefunc(**kwargs)\n                     ^^^^^^^^^^^^^^^^^^^^^\n  File \"C:\\Users\\sivan\\PycharmProjects\\Facebook_BDD_Automation\\steps\\test_signup_steps.py\", line 28, in enter_user_details\n    firestname_error = signup.get_first_name_error_message(\"What's your name?\")\n                       ^^^^^^^^^^^^^^^^^^^^^^^^^^^^^^^^^^^^^^^^^^^^^^^^^^^^^^^^\n  File \"C:\\Users\\sivan\\PycharmProjects\\Facebook_BDD_Automation\\pages\\signup_page.py\", line 32, in get_first_name_error_message\n    base_utils.find_element(self.driver, (By.XPATH, self.__first_name_error_message_icon)).click()\n    ^^^^^^^^^^^^^^^^^^^^^^^^^^^^^^^^^^^^^^^^^^^^^^^^^^^^^^^^^^^^^^^^^^^^^^^^^^^^^^^^^^^^^^\n  File \"C:\\Users\\sivan\\PycharmProjects\\Facebook_BDD_Automation\\utils\\base_utils.py\", line 15, in find_element\n    return driver.find_element(By.XPATH, locator)\n           ^^^^^^^^^^^^^^^^^^^^^^^^^^^^^^^^^^^^^^\n  File \"C:\\Users\\sivan\\AppData\\Local\\Programs\\Python\\Python312\\Lib\\site-packages\\selenium\\webdriver\\remote\\webdriver.py\", line 741, in find_element\n    return self.execute(Command.FIND_ELEMENT, {\"using\": by, \"value\": value})[\"value\"]\n           ^^^^^^^^^^^^^^^^^^^^^^^^^^^^^^^^^^^^^^^^^^^^^^^^^^^^^^^^^^^^^^^^^\n  File \"C:\\Users\\sivan\\AppData\\Local\\Programs\\Python\\Python312\\Lib\\site-packages\\selenium\\webdriver\\remote\\webdriver.py\", line 347, in execute\n    self.error_handler.check_response(response)\n  File \"C:\\Users\\sivan\\AppData\\Local\\Programs\\Python\\Python312\\Lib\\site-packages\\selenium\\webdriver\\remote\\errorhandler.py\", line 229, in check_response\n    raise exception_class(message, screen, stacktrace)\n"}, "attachments": [{"name": "Data table", "source": "7aab0841-f847-415e-8b55-a4c6951e27bf-attachment.csv", "type": "text/csv"}], "parameters": [{"name": "signup", "value": "<pages.signup_page.SignupPage object at 0x0000019D1B014E90>"}], "start": 1768716784927, "stop": 1768716785300}], "attachments": [{"name": "screenshot_on_failure", "source": "27417ab8-e7d3-4e34-abf7-ea71604685ef-attachment.png", "type": "image/png"}, {"name": "stdout", "source": "22e4d4ba-311c-4574-b3ce-65e6eb98259d-attachment.txt", "type": "text/plain"}], "start": 1768716777792, "stop": 1768716785300, "uuid": "8ddf3f41-fbe8-9cc9-a728-12738e023b6a", "historyId": "1656aafa0b51825ad88e4bc7e1f7b029.d41d8cd98f00b204e9800998ecf8427e", "testCaseId": "1656aafa0b51825ad88e4bc7e1f7b029", "fullName": "features\\signup.feature:Field Validation for Signup Page", "labels": [{"name": "host", "value": "Jarvis"}, {"name": "thread", "value": "23900-MainThread"}, {"name": "framework", "value": "pytest-bdd"}, {"name": "language", "value": "cpython3"}, {"name": "feature", "value": "Signup Functionality"}, {"name": "tag", "value": "signup"}, {"name": "tag", "value": "signup"}], "titlePath": ["features", "Signup Functionality"]}