{"name": "Field Validation for Signup Page", "status": "broken", "statusDetails": {"message": "selenium.common.exceptions.NoSuchElementException: Message: no such element: Unable to locate element: {\"method\":\"xpath\",\"selector\":\"//a[text()='Create new account']\"}\n  (Session info: chrome=143.0.7499.193); For documentation on this error, please visit: https://www.selenium.dev/documentation/webdriver/troubleshooting/errors#nosuchelementexception\nStacktrace:\nSymbols not available. Dumping unresolved backtrace:\n\t0x7ff624b488d5\n\t0x7ff624b48930\n\t0x7ff62492165d\n\t0x7ff624979a33\n\t0x7ff624979d3c\n\t0x7ff6249cdf67\n\t0x7ff6249cac97\n\t0x7ff62496ac29\n\t0x7ff62496ba93\n\t0x7ff624e60620\n\t0x7ff624e5af60\n\t0x7ff624e796c6\n\t0x7ff624b65dd4\n\t0x7ff624b6ed7c\n\t0x7ff624b51ff4\n\t0x7ff624b521a5\n\t0x7ff624b37ed2\n\t0x7ffb6e6ae8d7\n\t0x7ffb6f74c53c", "trace": "fixturefunc = <function click_on_create_newaccount at 0x0000016264FEBC40>\nrequest = <FixtureRequest for <Function test_field_validation_for_signup_page>>\nkwargs = {'launch_app': <pages.login_page.LoginPage object at 0x0000016265041790>}\n\n    def call_fixture_func(\n        fixturefunc: _FixtureFunc[FixtureValue], request: FixtureRequest, kwargs\n    ) -> FixtureValue:\n        if inspect.isgeneratorfunction(fixturefunc):\n            fixturefunc = cast(Callable[..., Generator[FixtureValue]], fixturefunc)\n            generator = fixturefunc(**kwargs)\n            try:\n                fixture_result = next(generator)\n            except StopIteration:\n                raise ValueError(f\"{request.fixturename} did not yield a value\") from None\n            finalizer = functools.partial(_teardown_yield_fixture, fixturefunc, generator)\n            request.addfinalizer(finalizer)\n        else:\n            fixturefunc = cast(Callable[..., FixtureValue], fixturefunc)\n>           fixture_result = fixturefunc(**kwargs)\n                             ^^^^^^^^^^^^^^^^^^^^^\n\n.venv\\Lib\\site-packages\\_pytest\\fixtures.py:915: \n_ _ _ _ _ _ _ _ _ _ _ _ _ _ _ _ _ _ _ _ _ _ _ _ _ _ _ _ _ _ _ _ _ _ _ _ _ _ _ _\nsteps\\test_signup_steps.py:16: in click_on_create_newaccount\n    launch_app.click_on_create_new_account_button()\npages\\login_page.py:25: in click_on_create_new_account_button\n    self.driver.find_element(By.XPATH, self.__createNewAccountButton).click()\n    ^^^^^^^^^^^^^^^^^^^^^^^^^^^^^^^^^^^^^^^^^^^^^^^^^^^^^^^^^^^^^^^^^\n.venv\\Lib\\site-packages\\selenium\\webdriver\\remote\\webdriver.py:802: in find_element\n    return self.execute(Command.FIND_ELEMENT, {\"using\": by, \"value\": value})[\"value\"]\n           ^^^^^^^^^^^^^^^^^^^^^^^^^^^^^^^^^^^^^^^^^^^^^^^^^^^^^^^^^^^^^^^^^\n.venv\\Lib\\site-packages\\selenium\\webdriver\\remote\\webdriver.py:432: in execute\n    self.error_handler.check_response(response)\n_ _ _ _ _ _ _ _ _ _ _ _ _ _ _ _ _ _ _ _ _ _ _ _ _ _ _ _ _ _ _ _ _ _ _ _ _ _ _ _\n\nself = <selenium.webdriver.remote.errorhandler.ErrorHandler object at 0x0000016265015790>\nresponse = {'status': 404, 'value': '{\"value\":{\"error\":\"no such element\",\"message\":\"no such element: Unable to locate element: {\\...ff624b6ed7c\\\\n\\\\t0x7ff624b51ff4\\\\n\\\\t0x7ff624b521a5\\\\n\\\\t0x7ff624b37ed2\\\\n\\\\t0x7ffb6e6ae8d7\\\\n\\\\t0x7ffb6f74c53c\\\\n\"}}'}\n\n    def check_response(self, response: dict[str, Any]) -> None:\n        \"\"\"Check that a JSON response from the WebDriver does not have an error.\n    \n        Args:\n            response: The JSON response from the WebDriver server as a dictionary\n                object.\n    \n        Raises:\n            WebDriverException: If the response contains an error message.\n        \"\"\"\n        status = response.get(\"status\", None)\n        if not status or status == ErrorCode.SUCCESS:\n            return\n        value = None\n        message = response.get(\"message\", \"\")\n        screen: str = response.get(\"screen\", \"\")\n        stacktrace = None\n        if isinstance(status, int):\n            value_json = response.get(\"value\", None)\n            if value_json and isinstance(value_json, str):\n                try:\n                    value = json.loads(value_json)\n                    if isinstance(value, dict):\n                        if len(value) == 1:\n                            value = value[\"value\"]\n                        status = value.get(\"error\", None)\n                        if not status:\n                            status = value.get(\"status\", ErrorCode.UNKNOWN_ERROR)\n                            message = value.get(\"value\") or value.get(\"message\")\n                            if not isinstance(message, str):\n                                value = message\n                                message = message.get(\"message\") if isinstance(message, dict) else None\n                        else:\n                            message = value.get(\"message\", None)\n                except ValueError:\n                    pass\n    \n        exception_class: type[WebDriverException]\n        e = ErrorCode()\n        error_codes = [item for item in dir(e) if not item.startswith(\"__\")]\n        for error_code in error_codes:\n            error_info = getattr(ErrorCode, error_code)\n            if isinstance(error_info, list) and status in error_info:\n                exception_class = getattr(ExceptionMapping, error_code, WebDriverException)\n                break\n        else:\n            exception_class = WebDriverException\n    \n        if not value:\n            value = response[\"value\"]\n        if isinstance(value, str):\n            raise exception_class(value)\n        if message == \"\" and \"message\" in value:\n            message = value[\"message\"]\n    \n        screen = None  # type: ignore[assignment]\n        if \"screen\" in value:\n            screen = value[\"screen\"]\n    \n        stacktrace = None\n        st_value = value.get(\"stackTrace\") or value.get(\"stacktrace\")\n        if st_value:\n            if isinstance(st_value, str):\n                stacktrace = st_value.split(\"\\n\")\n            else:\n                stacktrace = []\n                try:\n                    for frame in st_value:\n                        line = frame.get(\"lineNumber\", \"\")\n                        file = frame.get(\"fileName\", \"<anonymous>\")\n                        if line:\n                            file = f\"{file}:{line}\"\n                        meth = frame.get(\"methodName\", \"<anonymous>\")\n                        if \"className\" in frame:\n                            meth = f\"{frame['className']}.{meth}\"\n                        msg = \"    at %s (%s)\"\n                        msg = msg % (meth, file)\n                        stacktrace.append(msg)\n                except TypeError:\n                    pass\n        if exception_class == UnexpectedAlertPresentException:\n            alert_text = None\n            if \"data\" in value:\n                alert_text = value[\"data\"].get(\"text\")\n            elif \"alert\" in value:\n                alert_text = value[\"alert\"].get(\"text\")\n            raise exception_class(message, screen, stacktrace, alert_text)  # type: ignore[call-arg]  # mypy is not smart enough here\n>       raise exception_class(message, screen, stacktrace)\nE       selenium.common.exceptions.NoSuchElementException: Message: no such element: Unable to locate element: {\"method\":\"xpath\",\"selector\":\"//a[text()='Create new account']\"}\nE         (Session info: chrome=143.0.7499.193); For documentation on this error, please visit: https://www.selenium.dev/documentation/webdriver/troubleshooting/errors#nosuchelementexception\nE       Stacktrace:\nE       Symbols not available. Dumping unresolved backtrace:\nE       \t0x7ff624b488d5\nE       \t0x7ff624b48930\nE       \t0x7ff62492165d\nE       \t0x7ff624979a33\nE       \t0x7ff624979d3c\nE       \t0x7ff6249cdf67\nE       \t0x7ff6249cac97\nE       \t0x7ff62496ac29\nE       \t0x7ff62496ba93\nE       \t0x7ff624e60620\nE       \t0x7ff624e5af60\nE       \t0x7ff624e796c6\nE       \t0x7ff624b65dd4\nE       \t0x7ff624b6ed7c\nE       \t0x7ff624b51ff4\nE       \t0x7ff624b521a5\nE       \t0x7ff624b37ed2\nE       \t0x7ffb6e6ae8d7\nE       \t0x7ffb6f74c53c\n\n.venv\\Lib\\site-packages\\selenium\\webdriver\\remote\\errorhandler.py:232: NoSuchElementException"}, "steps": [{"name": "Given user is on the login page", "status": "passed", "parameters": [{"name": "driver", "value": "<selenium.webdriver.chrome.webdriver.WebDriver (session=\"8995bf6b200925a4e45c890c88fb8ac3\")>"}], "start": 1768628512975, "stop": 1768628518762}, {"name": "When navigated to the signup page", "status": "broken", "statusDetails": {"message": "selenium.common.exceptions.NoSuchElementException: Message: no such element: Unable to locate element: {\"method\":\"xpath\",\"selector\":\"//a[text()='Create new account']\"}\n  (Session info: chrome=143.0.7499.193); For documentation on this error, please visit: https://www.selenium.dev/documentation/webdriver/troubleshooting/errors#nosuchelementexception\nStacktrace:\nSymbols not available. Dumping unresolved backtrace:\n\t0x7ff624b488d5\n\t0x7ff624b48930\n\t0x7ff62492165d\n\t0x7ff624979a33\n\t0x7ff624979d3c\n\t0x7ff6249cdf67\n\t0x7ff6249cac97\n\t0x7ff62496ac29\n\t0x7ff62496ba93\n\t0x7ff624e60620\n\t0x7ff624e5af60\n\t0x7ff624e796c6\n\t0x7ff624b65dd4\n\t0x7ff624b6ed7c\n\t0x7ff624b51ff4\n\t0x7ff624b521a5\n\t0x7ff624b37ed2\n\t0x7ffb6e6ae8d7\n\t0x7ffb6f74c53c\n\n", "trace": "  File \"C:\\Users\\sivan\\PycharmProjects\\Facebook_BDD_Automation\\.venv\\Lib\\site-packages\\pytest_bdd\\scenario.py\", line 240, in _execute_step_function\n    return_value = call_fixture_func(fixturefunc=context.step_func, request=request, kwargs=kwargs)\n                   ^^^^^^^^^^^^^^^^^^^^^^^^^^^^^^^^^^^^^^^^^^^^^^^^^^^^^^^^^^^^^^^^^^^^^^^^^^^^^^^^\n  File \"C:\\Users\\sivan\\PycharmProjects\\Facebook_BDD_Automation\\.venv\\Lib\\site-packages\\_pytest\\fixtures.py\", line 915, in call_fixture_func\n    fixture_result = fixturefunc(**kwargs)\n                     ^^^^^^^^^^^^^^^^^^^^^\n  File \"C:\\Users\\sivan\\PycharmProjects\\Facebook_BDD_Automation\\steps\\test_signup_steps.py\", line 16, in click_on_create_newaccount\n    launch_app.click_on_create_new_account_button()\n  File \"C:\\Users\\sivan\\PycharmProjects\\Facebook_BDD_Automation\\pages\\login_page.py\", line 25, in click_on_create_new_account_button\n    self.driver.find_element(By.XPATH, self.__createNewAccountButton).click()\n    ^^^^^^^^^^^^^^^^^^^^^^^^^^^^^^^^^^^^^^^^^^^^^^^^^^^^^^^^^^^^^^^^^\n  File \"C:\\Users\\sivan\\PycharmProjects\\Facebook_BDD_Automation\\.venv\\Lib\\site-packages\\selenium\\webdriver\\remote\\webdriver.py\", line 802, in find_element\n    return self.execute(Command.FIND_ELEMENT, {\"using\": by, \"value\": value})[\"value\"]\n           ^^^^^^^^^^^^^^^^^^^^^^^^^^^^^^^^^^^^^^^^^^^^^^^^^^^^^^^^^^^^^^^^^\n  File \"C:\\Users\\sivan\\PycharmProjects\\Facebook_BDD_Automation\\.venv\\Lib\\site-packages\\selenium\\webdriver\\remote\\webdriver.py\", line 432, in execute\n    self.error_handler.check_response(response)\n  File \"C:\\Users\\sivan\\PycharmProjects\\Facebook_BDD_Automation\\.venv\\Lib\\site-packages\\selenium\\webdriver\\remote\\errorhandler.py\", line 232, in check_response\n    raise exception_class(message, screen, stacktrace)\n"}, "parameters": [{"name": "launch_app", "value": "<pages.login_page.LoginPage object at 0x0000016265041790>"}], "start": 1768628518765, "stop": 1768628518846}, {"name": "And user enters details", "status": "skipped", "start": 1768628523507, "stop": 1768628523507}], "attachments": [{"name": "screenshot_on_failure", "source": "ec3a5718-7b85-485e-baef-a2af367f13ca-attachment.png", "type": "image/png"}], "start": 1768628512975, "stop": 1768628518846, "uuid": "8ddf3f41-fbe8-9cc9-a728-12738e023b6a", "historyId": "1656aafa0b51825ad88e4bc7e1f7b029.d41d8cd98f00b204e9800998ecf8427e", "testCaseId": "1656aafa0b51825ad88e4bc7e1f7b029", "fullName": "features\\signup.feature:Field Validation for Signup Page", "labels": [{"name": "host", "value": "Jarvis"}, {"name": "thread", "value": "32152-MainThread"}, {"name": "framework", "value": "pytest-bdd"}, {"name": "language", "value": "cpython3"}, {"name": "feature", "value": "Signup Functionality"}, {"name": "tag", "value": "signup"}, {"name": "tag", "value": "signup"}], "titlePath": ["features", "Signup Functionality"]}