{"name": "Login with multiple users", "status": "broken", "statusDetails": {"message": "selenium.common.exceptions.NoSuchElementException: Message: no such element: Unable to locate element: {\"method\":\"xpath\",\"selector\":\"//button[@name='login']\"}\n  (Session info: chrome=143.0.7499.193); For documentation on this error, please visit: https://www.selenium.dev/documentation/webdriver/troubleshooting/errors#nosuchelementexception\nStacktrace:\nSymbols not available. Dumping unresolved backtrace:\n\t0x7ff7c92f88d5\n\t0x7ff7c92f8930\n\t0x7ff7c90d165d\n\t0x7ff7c9129a33\n\t0x7ff7c9129d3c\n\t0x7ff7c917df67\n\t0x7ff7c917ac97\n\t0x7ff7c911ac29\n\t0x7ff7c911ba93\n\t0x7ff7c9610620\n\t0x7ff7c960af60\n\t0x7ff7c96296c6\n\t0x7ff7c9315dd4\n\t0x7ff7c931ed7c\n\t0x7ff7c9301ff4\n\t0x7ff7c93021a5\n\t0x7ff7c92e7ed2\n\t0x7ffb6e6ae8d7\n\t0x7ffb6f74c53c", "trace": "fixturefunc = <function click_on_login_button at 0x00000187BCAFA2A0>\nrequest = <FixtureRequest for <Function test_login_with_multiple_users[sivanesh-password@123]>>\nkwargs = {'launch_app': <pages.login_page.LoginPage object at 0x00000187BCB26180>}\n\n    def call_fixture_func(\n        fixturefunc: _FixtureFunc[FixtureValue], request: FixtureRequest, kwargs\n    ) -> FixtureValue:\n        if inspect.isgeneratorfunction(fixturefunc):\n            fixturefunc = cast(Callable[..., Generator[FixtureValue]], fixturefunc)\n            generator = fixturefunc(**kwargs)\n            try:\n                fixture_result = next(generator)\n            except StopIteration:\n                raise ValueError(f\"{request.fixturename} did not yield a value\") from None\n            finalizer = functools.partial(_teardown_yield_fixture, fixturefunc, generator)\n            request.addfinalizer(finalizer)\n        else:\n            fixturefunc = cast(Callable[..., FixtureValue], fixturefunc)\n>           fixture_result = fixturefunc(**kwargs)\n                             ^^^^^^^^^^^^^^^^^^^^^\n\n.venv\\Lib\\site-packages\\_pytest\\fixtures.py:915: \n_ _ _ _ _ _ _ _ _ _ _ _ _ _ _ _ _ _ _ _ _ _ _ _ _ _ _ _ _ _ _ _ _ _ _ _ _ _ _ _\nsteps\\test_login_steps.py:24: in click_on_login_button\n    launch_app.click_on_login_button()\npages\\login_page.py:22: in click_on_login_button\n    self.driver.find_element(By.XPATH, self.__loginBtn).click()\n    ^^^^^^^^^^^^^^^^^^^^^^^^^^^^^^^^^^^^^^^^^^^^^^^^^^^\n.venv\\Lib\\site-packages\\selenium\\webdriver\\remote\\webdriver.py:802: in find_element\n    return self.execute(Command.FIND_ELEMENT, {\"using\": by, \"value\": value})[\"value\"]\n           ^^^^^^^^^^^^^^^^^^^^^^^^^^^^^^^^^^^^^^^^^^^^^^^^^^^^^^^^^^^^^^^^^\n.venv\\Lib\\site-packages\\selenium\\webdriver\\remote\\webdriver.py:432: in execute\n    self.error_handler.check_response(response)\n_ _ _ _ _ _ _ _ _ _ _ _ _ _ _ _ _ _ _ _ _ _ _ _ _ _ _ _ _ _ _ _ _ _ _ _ _ _ _ _\n\nself = <selenium.webdriver.remote.errorhandler.ErrorHandler object at 0x00000187BCAA45F0>\nresponse = {'status': 404, 'value': '{\"value\":{\"error\":\"no such element\",\"message\":\"no such element: Unable to locate element: {\\...ff7c931ed7c\\\\n\\\\t0x7ff7c9301ff4\\\\n\\\\t0x7ff7c93021a5\\\\n\\\\t0x7ff7c92e7ed2\\\\n\\\\t0x7ffb6e6ae8d7\\\\n\\\\t0x7ffb6f74c53c\\\\n\"}}'}\n\n    def check_response(self, response: dict[str, Any]) -> None:\n        \"\"\"Check that a JSON response from the WebDriver does not have an error.\n    \n        Args:\n            response: The JSON response from the WebDriver server as a dictionary\n                object.\n    \n        Raises:\n            WebDriverException: If the response contains an error message.\n        \"\"\"\n        status = response.get(\"status\", None)\n        if not status or status == ErrorCode.SUCCESS:\n            return\n        value = None\n        message = response.get(\"message\", \"\")\n        screen: str = response.get(\"screen\", \"\")\n        stacktrace = None\n        if isinstance(status, int):\n            value_json = response.get(\"value\", None)\n            if value_json and isinstance(value_json, str):\n                try:\n                    value = json.loads(value_json)\n                    if isinstance(value, dict):\n                        if len(value) == 1:\n                            value = value[\"value\"]\n                        status = value.get(\"error\", None)\n                        if not status:\n                            status = value.get(\"status\", ErrorCode.UNKNOWN_ERROR)\n                            message = value.get(\"value\") or value.get(\"message\")\n                            if not isinstance(message, str):\n                                value = message\n                                message = message.get(\"message\") if isinstance(message, dict) else None\n                        else:\n                            message = value.get(\"message\", None)\n                except ValueError:\n                    pass\n    \n        exception_class: type[WebDriverException]\n        e = ErrorCode()\n        error_codes = [item for item in dir(e) if not item.startswith(\"__\")]\n        for error_code in error_codes:\n            error_info = getattr(ErrorCode, error_code)\n            if isinstance(error_info, list) and status in error_info:\n                exception_class = getattr(ExceptionMapping, error_code, WebDriverException)\n                break\n        else:\n            exception_class = WebDriverException\n    \n        if not value:\n            value = response[\"value\"]\n        if isinstance(value, str):\n            raise exception_class(value)\n        if message == \"\" and \"message\" in value:\n            message = value[\"message\"]\n    \n        screen = None  # type: ignore[assignment]\n        if \"screen\" in value:\n            screen = value[\"screen\"]\n    \n        stacktrace = None\n        st_value = value.get(\"stackTrace\") or value.get(\"stacktrace\")\n        if st_value:\n            if isinstance(st_value, str):\n                stacktrace = st_value.split(\"\\n\")\n            else:\n                stacktrace = []\n                try:\n                    for frame in st_value:\n                        line = frame.get(\"lineNumber\", \"\")\n                        file = frame.get(\"fileName\", \"<anonymous>\")\n                        if line:\n                            file = f\"{file}:{line}\"\n                        meth = frame.get(\"methodName\", \"<anonymous>\")\n                        if \"className\" in frame:\n                            meth = f\"{frame['className']}.{meth}\"\n                        msg = \"    at %s (%s)\"\n                        msg = msg % (meth, file)\n                        stacktrace.append(msg)\n                except TypeError:\n                    pass\n        if exception_class == UnexpectedAlertPresentException:\n            alert_text = None\n            if \"data\" in value:\n                alert_text = value[\"data\"].get(\"text\")\n            elif \"alert\" in value:\n                alert_text = value[\"alert\"].get(\"text\")\n            raise exception_class(message, screen, stacktrace, alert_text)  # type: ignore[call-arg]  # mypy is not smart enough here\n>       raise exception_class(message, screen, stacktrace)\nE       selenium.common.exceptions.NoSuchElementException: Message: no such element: Unable to locate element: {\"method\":\"xpath\",\"selector\":\"//button[@name='login']\"}\nE         (Session info: chrome=143.0.7499.193); For documentation on this error, please visit: https://www.selenium.dev/documentation/webdriver/troubleshooting/errors#nosuchelementexception\nE       Stacktrace:\nE       Symbols not available. Dumping unresolved backtrace:\nE       \t0x7ff7c92f88d5\nE       \t0x7ff7c92f8930\nE       \t0x7ff7c90d165d\nE       \t0x7ff7c9129a33\nE       \t0x7ff7c9129d3c\nE       \t0x7ff7c917df67\nE       \t0x7ff7c917ac97\nE       \t0x7ff7c911ac29\nE       \t0x7ff7c911ba93\nE       \t0x7ff7c9610620\nE       \t0x7ff7c960af60\nE       \t0x7ff7c96296c6\nE       \t0x7ff7c9315dd4\nE       \t0x7ff7c931ed7c\nE       \t0x7ff7c9301ff4\nE       \t0x7ff7c93021a5\nE       \t0x7ff7c92e7ed2\nE       \t0x7ffb6e6ae8d7\nE       \t0x7ffb6f74c53c\n\n.venv\\Lib\\site-packages\\selenium\\webdriver\\remote\\errorhandler.py:232: NoSuchElementException"}, "steps": [{"name": "Given user is on the login page", "status": "passed", "parameters": [{"name": "driver", "value": "<selenium.webdriver.chrome.webdriver.WebDriver (session=\"94f81c0b4fcf2a82afc704886eb205bd\")>"}], "start": 1768113456065, "stop": 1768113459523}, {"name": "When user enters invalid username \"sivanesh\" and password \"password@123\"", "status": "passed", "parameters": [{"name": "username", "value": "'sivanesh'"}, {"name": "password", "value": "'password@123'"}, {"name": "launch_app", "value": "<pages.login_page.LoginPage object at 0x00000187BCB26180>"}], "start": 1768113459525, "stop": 1768113459796}, {"name": "And clicks on login button", "status": "broken", "statusDetails": {"message": "selenium.common.exceptions.NoSuchElementException: Message: no such element: Unable to locate element: {\"method\":\"xpath\",\"selector\":\"//button[@name='login']\"}\n  (Session info: chrome=143.0.7499.193); For documentation on this error, please visit: https://www.selenium.dev/documentation/webdriver/troubleshooting/errors#nosuchelementexception\nStacktrace:\nSymbols not available. Dumping unresolved backtrace:\n\t0x7ff7c92f88d5\n\t0x7ff7c92f8930\n\t0x7ff7c90d165d\n\t0x7ff7c9129a33\n\t0x7ff7c9129d3c\n\t0x7ff7c917df67\n\t0x7ff7c917ac97\n\t0x7ff7c911ac29\n\t0x7ff7c911ba93\n\t0x7ff7c9610620\n\t0x7ff7c960af60\n\t0x7ff7c96296c6\n\t0x7ff7c9315dd4\n\t0x7ff7c931ed7c\n\t0x7ff7c9301ff4\n\t0x7ff7c93021a5\n\t0x7ff7c92e7ed2\n\t0x7ffb6e6ae8d7\n\t0x7ffb6f74c53c\n\n", "trace": "  File \"C:\\Users\\sivan\\PycharmProjects\\Facebook_BDD_Automation\\.venv\\Lib\\site-packages\\pytest_bdd\\scenario.py\", line 240, in _execute_step_function\n    return_value = call_fixture_func(fixturefunc=context.step_func, request=request, kwargs=kwargs)\n                   ^^^^^^^^^^^^^^^^^^^^^^^^^^^^^^^^^^^^^^^^^^^^^^^^^^^^^^^^^^^^^^^^^^^^^^^^^^^^^^^^\n  File \"C:\\Users\\sivan\\PycharmProjects\\Facebook_BDD_Automation\\.venv\\Lib\\site-packages\\_pytest\\fixtures.py\", line 915, in call_fixture_func\n    fixture_result = fixturefunc(**kwargs)\n                     ^^^^^^^^^^^^^^^^^^^^^\n  File \"C:\\Users\\sivan\\PycharmProjects\\Facebook_BDD_Automation\\steps\\test_login_steps.py\", line 24, in click_on_login_button\n    launch_app.click_on_login_button()\n  File \"C:\\Users\\sivan\\PycharmProjects\\Facebook_BDD_Automation\\pages\\login_page.py\", line 22, in click_on_login_button\n    self.driver.find_element(By.XPATH, self.__loginBtn).click()\n    ^^^^^^^^^^^^^^^^^^^^^^^^^^^^^^^^^^^^^^^^^^^^^^^^^^^\n  File \"C:\\Users\\sivan\\PycharmProjects\\Facebook_BDD_Automation\\.venv\\Lib\\site-packages\\selenium\\webdriver\\remote\\webdriver.py\", line 802, in find_element\n    return self.execute(Command.FIND_ELEMENT, {\"using\": by, \"value\": value})[\"value\"]\n           ^^^^^^^^^^^^^^^^^^^^^^^^^^^^^^^^^^^^^^^^^^^^^^^^^^^^^^^^^^^^^^^^^\n  File \"C:\\Users\\sivan\\PycharmProjects\\Facebook_BDD_Automation\\.venv\\Lib\\site-packages\\selenium\\webdriver\\remote\\webdriver.py\", line 432, in execute\n    self.error_handler.check_response(response)\n  File \"C:\\Users\\sivan\\PycharmProjects\\Facebook_BDD_Automation\\.venv\\Lib\\site-packages\\selenium\\webdriver\\remote\\errorhandler.py\", line 232, in check_response\n    raise exception_class(message, screen, stacktrace)\n"}, "parameters": [{"name": "launch_app", "value": "<pages.login_page.LoginPage object at 0x00000187BCB26180>"}], "start": 1768113459797, "stop": 1768113459819}], "parameters": [{"name": "username", "value": "sivanesh"}, {"name": "password", "value": "password@123"}], "start": 1768113456064, "stop": 1768113459819, "uuid": "db0134c1-2e03-1cd9-e278-455b3d689714", "historyId": "1891468ecf9e0c6ab30fab663bf373d7.57452539bd4c85d79d6a5cfd57a27d99", "testCaseId": "1891468ecf9e0c6ab30fab663bf373d7", "fullName": "features\\login.feature:Login with multiple users", "labels": [{"name": "host", "value": "Jarvis"}, {"name": "thread", "value": "23216-MainThread"}, {"name": "framework", "value": "pytest-bdd"}, {"name": "language", "value": "cpython3"}, {"name": "feature", "value": "Login Functionality"}, {"name": "tag", "value": "signup"}, {"name": "tag", "value": "signup_field_validation"}], "titlePath": ["features", "Login Functionality"]}