{"name": "Field Validation for Signup Page", "status": "broken", "statusDetails": {"message": "selenium.common.exceptions.TimeoutException: Message:", "trace": "fixturefunc = <function enter_user_details at 0x0000017DFF0ADDA0>\nrequest = <FixtureRequest for <Function test_field_validation_for_signup_page>>\nkwargs = {'datatable': [['abcdXYz', 'usisksls'], ['123344333', '8893893983']], 'signup': <pages.signup_page.SignupPage object at 0x0000017DFF0C5E20>}\n\n    def call_fixture_func(\n        fixturefunc: _FixtureFunc[FixtureValue], request: FixtureRequest, kwargs\n    ) -> FixtureValue:\n        if inspect.isgeneratorfunction(fixturefunc):\n            fixturefunc = cast(Callable[..., Generator[FixtureValue]], fixturefunc)\n            generator = fixturefunc(**kwargs)\n            try:\n                fixture_result = next(generator)\n            except StopIteration:\n                raise ValueError(f\"{request.fixturename} did not yield a value\") from None\n            finalizer = functools.partial(_teardown_yield_fixture, fixturefunc, generator)\n            request.addfinalizer(finalizer)\n        else:\n            fixturefunc = cast(Callable[..., FixtureValue], fixturefunc)\n>           fixture_result = fixturefunc(**kwargs)\n                             ^^^^^^^^^^^^^^^^^^^^^\n\n..\\..\\AppData\\Local\\Programs\\Python\\Python312\\Lib\\site-packages\\_pytest\\fixtures.py:930: \n_ _ _ _ _ _ _ _ _ _ _ _ _ _ _ _ _ _ _ _ _ _ _ _ _ _ _ _ _ _ _ _ _ _ _ _ _ _ _ _\nsteps\\test_signup_steps.py:28: in enter_user_details\n    firestname_error = signup.get_first_name_error_message(\"What's your name?\")\n                       ^^^^^^^^^^^^^^^^^^^^^^^^^^^^^^^^^^^^^^^^^^^^^^^^^^^^^^^^\npages\\signup_page.py:33: in get_first_name_error_message\n    return base_utils.wait_for_element(self.driver, (By.XPATH, self.__firstname_error_message), value).text\n           ^^^^^^^^^^^^^^^^^^^^^^^^^^^^^^^^^^^^^^^^^^^^^^^^^^^^^^^^^^^^^^^^^^^^^^^^^^^^^^^^^^^^^^^^^^^\nutils\\base_utils.py:7: in wait_for_element\n    return wait.until(EC.text_to_be_present_in_element(element, value))\n           ^^^^^^^^^^^^^^^^^^^^^^^^^^^^^^^^^^^^^^^^^^^^^^^^^^^^^^^^^^^^\n_ _ _ _ _ _ _ _ _ _ _ _ _ _ _ _ _ _ _ _ _ _ _ _ _ _ _ _ _ _ _ _ _ _ _ _ _ _ _ _\n\nself = <selenium.webdriver.support.wait.WebDriverWait (session=\"69f9235faa84ada0beb2f3665d1a4870\")>\nmethod = <function text_to_be_present_in_element.<locals>._predicate at 0x0000017DFF060860>\nmessage = ''\n\n    def until(self, method: Callable[[D], Union[Literal[False], T]], message: str = \"\") -> T:\n        \"\"\"Calls the method provided with the driver as an argument until the \\\n        return value does not evaluate to ``False``.\n    \n        :param method: callable(WebDriver)\n        :param message: optional message for :exc:`TimeoutException`\n        :returns: the result of the last call to `method`\n        :raises: :exc:`selenium.common.exceptions.TimeoutException` if timeout occurs\n        \"\"\"\n        screen = None\n        stacktrace = None\n    \n        end_time = time.monotonic() + self._timeout\n        while True:\n            try:\n                value = method(self._driver)\n                if value:\n                    return value\n            except self._ignored_exceptions as exc:\n                screen = getattr(exc, \"screen\", None)\n                stacktrace = getattr(exc, \"stacktrace\", None)\n            time.sleep(self._poll)\n            if time.monotonic() > end_time:\n                break\n>       raise TimeoutException(message, screen, stacktrace)\nE       selenium.common.exceptions.TimeoutException: Message:\n\n..\\..\\AppData\\Local\\Programs\\Python\\Python312\\Lib\\site-packages\\selenium\\webdriver\\support\\wait.py:105: TimeoutException"}, "steps": [{"name": "Given user is on the login page", "status": "passed", "parameters": [{"name": "driver", "value": "<selenium.webdriver.chrome.webdriver.WebDriver (session=\"69f9235faa84ada0beb2f3665d1a4870\")>"}], "start": 1768715812604, "stop": 1768715818490}, {"name": "When navigated to the signup page", "status": "passed", "parameters": [{"name": "launch_app", "value": "<pages.login_page.LoginPage object at 0x0000017DFF0C5DF0>"}], "start": 1768715818492, "stop": 1768715820073}, {"name": "And user enters details", "status": "broken", "statusDetails": {"message": "selenium.common.exceptions.TimeoutException: Message: \n\n", "trace": "  File \"C:\\Users\\sivan\\AppData\\Local\\Programs\\Python\\Python312\\Lib\\site-packages\\pytest_bdd\\scenario.py\", line 240, in _execute_step_function\n    return_value = call_fixture_func(fixturefunc=context.step_func, request=request, kwargs=kwargs)\n                   ^^^^^^^^^^^^^^^^^^^^^^^^^^^^^^^^^^^^^^^^^^^^^^^^^^^^^^^^^^^^^^^^^^^^^^^^^^^^^^^^\n  File \"C:\\Users\\sivan\\AppData\\Local\\Programs\\Python\\Python312\\Lib\\site-packages\\_pytest\\fixtures.py\", line 930, in call_fixture_func\n    fixture_result = fixturefunc(**kwargs)\n                     ^^^^^^^^^^^^^^^^^^^^^\n  File \"C:\\Users\\sivan\\PycharmProjects\\Facebook_BDD_Automation\\steps\\test_signup_steps.py\", line 28, in enter_user_details\n    firestname_error = signup.get_first_name_error_message(\"What's your name?\")\n                       ^^^^^^^^^^^^^^^^^^^^^^^^^^^^^^^^^^^^^^^^^^^^^^^^^^^^^^^^\n  File \"C:\\Users\\sivan\\PycharmProjects\\Facebook_BDD_Automation\\pages\\signup_page.py\", line 33, in get_first_name_error_message\n    return base_utils.wait_for_element(self.driver, (By.XPATH, self.__firstname_error_message), value).text\n           ^^^^^^^^^^^^^^^^^^^^^^^^^^^^^^^^^^^^^^^^^^^^^^^^^^^^^^^^^^^^^^^^^^^^^^^^^^^^^^^^^^^^^^^^^^^\n  File \"C:\\Users\\sivan\\PycharmProjects\\Facebook_BDD_Automation\\utils\\base_utils.py\", line 7, in wait_for_element\n    return wait.until(EC.text_to_be_present_in_element(element, value))\n           ^^^^^^^^^^^^^^^^^^^^^^^^^^^^^^^^^^^^^^^^^^^^^^^^^^^^^^^^^^^^\n  File \"C:\\Users\\sivan\\AppData\\Local\\Programs\\Python\\Python312\\Lib\\site-packages\\selenium\\webdriver\\support\\wait.py\", line 105, in until\n    raise TimeoutException(message, screen, stacktrace)\n"}, "attachments": [{"name": "Data table", "source": "7f2c7d32-53d4-47e1-ad39-00489ab7fcfb-attachment.csv", "type": "text/csv"}], "parameters": [{"name": "signup", "value": "<pages.signup_page.SignupPage object at 0x0000017DFF0C5E20>"}], "start": 1768715820073, "stop": 1768715830631}], "attachments": [{"name": "screenshot_on_failure", "source": "435a66a4-eb88-48be-8849-3eb519c12e94-attachment.png", "type": "image/png"}, {"name": "stdout", "source": "4d26ac0d-50cf-47cb-b204-318d5bc454bc-attachment.txt", "type": "text/plain"}], "start": 1768715812604, "stop": 1768715830632, "uuid": "8ddf3f41-fbe8-9cc9-a728-12738e023b6a", "historyId": "1656aafa0b51825ad88e4bc7e1f7b029.d41d8cd98f00b204e9800998ecf8427e", "testCaseId": "1656aafa0b51825ad88e4bc7e1f7b029", "fullName": "features\\signup.feature:Field Validation for Signup Page", "labels": [{"name": "host", "value": "Jarvis"}, {"name": "thread", "value": "22248-MainThread"}, {"name": "framework", "value": "pytest-bdd"}, {"name": "language", "value": "cpython3"}, {"name": "feature", "value": "Signup Functionality"}, {"name": "tag", "value": "signup"}, {"name": "tag", "value": "signup"}], "titlePath": ["features", "Signup Functionality"]}