{"name": "Invalid Login using But", "status": "failed", "statusDetails": {"message": "AssertionError: user is not land on home page\nassert 'Log in to Facebook' == 'home'\n  \n  \u001b[0m\u001b[91m- home\u001b[39;49;00m\u001b[90m\u001b[39;49;00m\n  \u001b[92m+ Log in to Facebook\u001b[39;49;00m\u001b[90m\u001b[39;49;00m", "trace": "fixturefunc = <function verify_user_loggedin at 0x00000216E5D9A340>\nrequest = <FixtureRequest for <Function test_invalid_login_using_but>>\nkwargs = {'driver': <selenium.webdriver.chrome.webdriver.WebDriver (session=\"c0cc9a92041e84ec140b0bf26c3c76cb\")>}\n\n    def call_fixture_func(\n        fixturefunc: _FixtureFunc[FixtureValue], request: FixtureRequest, kwargs\n    ) -> FixtureValue:\n        if inspect.isgeneratorfunction(fixturefunc):\n            fixturefunc = cast(Callable[..., Generator[FixtureValue]], fixturefunc)\n            generator = fixturefunc(**kwargs)\n            try:\n                fixture_result = next(generator)\n            except StopIteration:\n                raise ValueError(f\"{request.fixturename} did not yield a value\") from None\n            finalizer = functools.partial(_teardown_yield_fixture, fixturefunc, generator)\n            request.addfinalizer(finalizer)\n        else:\n            fixturefunc = cast(Callable[..., FixtureValue], fixturefunc)\n>           fixture_result = fixturefunc(**kwargs)\n                             ^^^^^^^^^^^^^^^^^^^^^\n\n.venv\\Lib\\site-packages\\_pytest\\fixtures.py:915: \n_ _ _ _ _ _ _ _ _ _ _ _ _ _ _ _ _ _ _ _ _ _ _ _ _ _ _ _ _ _ _ _ _ _ _ _ _ _ _ _\n\ndriver = <selenium.webdriver.chrome.webdriver.WebDriver (session=\"c0cc9a92041e84ec140b0bf26c3c76cb\")>\n\n    @then(\"user should be redirected to the dash board\")\n    def verify_user_loggedin(driver):\n        title = driver.title\n        allure.attach(driver.get_screenshot_as_png(),\n                      name=\"Home Page\",\n                      attachment_type=allure.attachment_type.PNG)\n>       assert title ==\"home\", \"user is not land on home page\"\nE       AssertionError: user is not land on home page\nE       assert 'Log in to Facebook' == 'home'\nE         \nE         \u001b[0m\u001b[91m- home\u001b[39;49;00m\u001b[90m\u001b[39;49;00m\nE         \u001b[92m+ Log in to Facebook\u001b[39;49;00m\u001b[90m\u001b[39;49;00m\n\nsteps\\test_login_steps.py:33: AssertionError"}, "steps": [{"name": "Given user is on the login page", "status": "passed", "parameters": [{"name": "driver", "value": "<selenium.webdriver.chrome.webdriver.WebDriver (session=\"c0cc9a92041e84ec140b0bf26c3c76cb\")>"}], "start": 1768113749703, "stop": 1768113754740}, {"name": "When enter valid username \"abcdefghijk\"", "status": "passed", "parameters": [{"name": "username", "value": "'\"abcdefghijk\"'"}, {"name": "launch_app", "value": "<pages.login_page.LoginPage object at 0x00000216E5DC6300>"}], "start": 1768113754740, "stop": 1768113754806}, {"name": "But enter invalid password \"abcd@1223\"", "status": "passed", "parameters": [{"name": "password", "value": "'\"abcd@1223\"'"}, {"name": "launch_app", "value": "<pages.login_page.LoginPage object at 0x00000216E5DC6300>"}], "start": 1768113754806, "stop": 1768113754893}, {"name": "And clicks on login button", "status": "passed", "parameters": [{"name": "launch_app", "value": "<pages.login_page.LoginPage object at 0x00000216E5DC6300>"}], "start": 1768113754893, "stop": 1768113754982}, {"name": "Then user should be redirected to the dash board", "status": "failed", "statusDetails": {"message": "AssertionError: user is not land on home page\nassert 'Log in to Facebook' == 'home'\n  \n  \u001b[0m\u001b[91m- home\u001b[39;49;00m\u001b[90m\u001b[39;49;00m\n  \u001b[92m+ Log in to Facebook\u001b[39;49;00m\u001b[90m\u001b[39;49;00m\n", "trace": "  File \"C:\\Users\\sivan\\PycharmProjects\\Facebook_BDD_Automation\\.venv\\Lib\\site-packages\\pytest_bdd\\scenario.py\", line 240, in _execute_step_function\n    return_value = call_fixture_func(fixturefunc=context.step_func, request=request, kwargs=kwargs)\n                   ^^^^^^^^^^^^^^^^^^^^^^^^^^^^^^^^^^^^^^^^^^^^^^^^^^^^^^^^^^^^^^^^^^^^^^^^^^^^^^^^\n  File \"C:\\Users\\sivan\\PycharmProjects\\Facebook_BDD_Automation\\.venv\\Lib\\site-packages\\_pytest\\fixtures.py\", line 915, in call_fixture_func\n    fixture_result = fixturefunc(**kwargs)\n                     ^^^^^^^^^^^^^^^^^^^^^\n  File \"C:\\Users\\sivan\\PycharmProjects\\Facebook_BDD_Automation\\steps\\test_login_steps.py\", line 33, in verify_user_loggedin\n    assert title ==\"home\", \"user is not land on home page\"\n"}, "attachments": [{"name": "Home Page", "source": "1869774e-af73-4866-8af8-62f2274177b5-attachment.png", "type": "image/png"}], "parameters": [{"name": "driver", "value": "<selenium.webdriver.chrome.webdriver.WebDriver (session=\"c0cc9a92041e84ec140b0bf26c3c76cb\")>"}], "start": 1768113754982, "stop": 1768113757492}], "start": 1768113749703, "stop": 1768113757492, "uuid": "39d4eb5f-b9b9-81fa-4fb8-605a6ddd4247", "historyId": "46b2276a3b961f7607260d66fdcc58de.d41d8cd98f00b204e9800998ecf8427e", "testCaseId": "46b2276a3b961f7607260d66fdcc58de", "fullName": "features\\login.feature:Invalid Login using But", "labels": [{"name": "host", "value": "Jarvis"}, {"name": "thread", "value": "21952-MainThread"}, {"name": "framework", "value": "pytest-bdd"}, {"name": "language", "value": "cpython3"}, {"name": "feature", "value": "Login Functionality"}, {"name": "tag", "value": "wip"}], "titlePath": ["features", "Login Functionality"]}